INFO 2016-10-27 19:10:19,804 signals: Student updated: Максим Ільчук (ID: 22)
INFO 2016-10-27 19:11:18,758 signals: Student added: Михайло Дубовий (ID: 31)
INFO 2016-10-27 19:16:57,507 signals: Student deleted: Роман Степан (ID: 23)
INFO 2016-10-28 13:31:25,447 signals: Exam updated: Algorithms(MTM-1 (Максим Рогожин)) (ID: 1)
INFO 2016-10-28 13:31:58,902 signals: Exam deleted: Математика(MTM-3 (Григорій Платун)) (ID: 8)
INFO 2016-10-28 13:32:46,560 signals: Exam added: Фізика(МТМ-8 (Олексій Таланов)) (ID: 9)
INFO 2016-10-28 13:33:38,925 signals: Group updated: MTM-4(Григорій Платун) (ID: 3)
INFO 2016-10-28 13:34:12,228 signals: Group deleted: testgroup(Кирил Панов) (ID: 6)
INFO 2016-10-28 13:35:12,906 signals: Group added: test(Артем Загребний) (ID: 7)
INFO 2016-10-28 13:35:25,564 signals: Group deleted: test(Артем Загребний) (ID: 7)
INFO 2016-10-28 13:36:29,402 signals: Exam deleted: Фізика(МТМ-8 (Олексій Таланов)) (ID: 9)
ERROR 2016-10-28 14:08:14,550 contact_admin: TestTestTest
TestTestTest
TestTestTest
Traceback (most recent call last):
  File "/data/work/virtualenvs/studentsdb/src/studentsdb/students/views/contact_admin.py", line 74, in form_valid
    send_mail(subject, message, from_email, [ADMIN_EMAIL])
  File "/data/work/virtualenvs/studentsdb/local/lib/python2.7/site-packages/django/core/mail/__init__.py", line 62, in send_mail
    return mail.send()
  File "/data/work/virtualenvs/studentsdb/local/lib/python2.7/site-packages/django/core/mail/message.py", line 286, in send
    return self.get_connection(fail_silently).send_messages([self])
  File "/data/work/virtualenvs/studentsdb/local/lib/python2.7/site-packages/django/core/mail/backends/smtp.py", line 92, in send_messages
    new_conn_created = self.open()
  File "/data/work/virtualenvs/studentsdb/local/lib/python2.7/site-packages/django/core/mail/backends/smtp.py", line 59, in open
    self.connection.login(self.username, self.password)
  File "/usr/lib/python2.7/smtplib.py", line 622, in login
    raise SMTPAuthenticationError(code, resp)
SMTPAuthenticationError: (534, '5.7.14 <https://accounts.google.com/signin/continue?sarp=1&scc=1&plt=AKgnsbsy\n5.7.14 8HksIm6LE2WlJLQAP2Tx1fN6VeITPPwi2giyiScntPR4ZfLSnx38WsR6XC3MD6WleORBCs\n5.7.14 Zo2SMNpCIyRnTzIesu509Dm8xd1n7OouNG_qzZLvKOeSlDfe_JvHawIbD-r17Eu3k2y0VQ\n5.7.14 qbQVe-95zdI74_YuU-cBYOMiXFTH0WvxBlWubJW6SpGIMxdcTFPVORoRvOZdg32THSylwe\n5.7.14 1FCQEtaYf01f7rOHW9u6SV13ndBvo> Please log in via your web browser and\n5.7.14 then try again.\n5.7.14  Learn more at\n5.7.14  https://support.google.com/mail/answer/78754 r20sm2074167lfr.19 - gsmtp')
INFO 2016-11-01 16:14:53,355 signals: Student deleted: Єгор Мартов (ID: 24)
INFO 2016-11-01 16:15:10,020 signals: Student updated: Григорій Платун (ID: 21)
INFO 2016-11-03 14:44:18,575 signals: Student updated: Михайло Дубовий (ID: 31)
INFO 2016-11-03 19:17:12,881 signals: Student updated: Андрій Рогожин (ID: 5)
INFO 2016-11-05 17:12:53,163 signals: Student updated: Клим В'яков (ID: 25)
INFO 2016-11-09 15:54:38,346 signals: Student updated: Артем Загребний (ID: 12)
INFO 2016-11-12 18:07:44,146 signals: Group added: Group1(None) (ID: 1)
INFO 2016-11-12 18:10:07,950 signals: Group added: Group1(None) (ID: 1)
INFO 2016-11-12 18:13:03,410 signals: Group added: Group1(None) (ID: 1)
INFO 2016-11-12 18:13:46,611 signals: Group added: Group1(None) (ID: 1)
INFO 2016-11-12 18:16:14,079 signals: Group added: Group1(None) (ID: 1)
INFO 2016-11-12 21:10:45,393 signals: Group added: MtM-1(None) (ID: 1)
INFO 2016-11-12 21:10:45,397 signals: Group added: MtM-2(None) (ID: 2)
INFO 2016-11-12 21:10:45,414 signals: Student added: Vitaliy Podoba (ID: 1)
INFO 2016-11-12 21:10:45,420 signals: Student added: Evgeniy Krasyuk (ID: 2)
INFO 2016-11-12 21:10:45,427 signals: Student added: John Dawson (ID: 3)
INFO 2016-11-12 21:10:45,434 signals: Student added: Mark Lutz (ID: 4)
INFO 2016-11-12 21:12:48,248 signals: Group added: MtM-1(None) (ID: 1)
INFO 2016-11-12 21:12:48,252 signals: Group added: MtM-2(None) (ID: 2)
INFO 2016-11-12 21:12:48,259 signals: Student added: Vitaliy Podoba (ID: 1)
INFO 2016-11-12 21:12:48,267 signals: Student added: Evgeniy Krasyuk (ID: 2)
INFO 2016-11-12 21:12:48,274 signals: Student added: John Dawson (ID: 3)
INFO 2016-11-12 21:12:48,281 signals: Student added: Mark Lutz (ID: 4)
INFO 2016-11-12 21:23:59,567 signals: Group added: MtM-1(None) (ID: 1)
INFO 2016-11-12 21:23:59,572 signals: Group added: MtM-2(None) (ID: 2)
INFO 2016-11-12 21:23:59,597 signals: Student added: Vitaliy Podoba (ID: 1)
INFO 2016-11-12 21:23:59,605 signals: Student added: Evgeniy Krasyuk (ID: 2)
INFO 2016-11-12 21:23:59,613 signals: Student added: John Dawson (ID: 3)
INFO 2016-11-12 21:23:59,621 signals: Student added: Mark Lutz (ID: 4)
INFO 2016-11-12 21:31:09,249 signals: Group added: MtM-1(None) (ID: 1)
INFO 2016-11-12 21:31:09,253 signals: Group added: MtM-2(None) (ID: 2)
INFO 2016-11-12 21:31:09,260 signals: Student added: Vitaliy Podoba (ID: 1)
INFO 2016-11-12 21:31:09,267 signals: Student added: Evgeniy Krasyuk (ID: 2)
INFO 2016-11-12 21:31:09,274 signals: Student added: John Dawson (ID: 3)
INFO 2016-11-12 21:31:09,282 signals: Student added: Mark Lutz (ID: 4)
INFO 2016-11-12 21:34:02,288 signals: Group added: MtM-1(None) (ID: 1)
INFO 2016-11-12 21:34:02,293 signals: Group added: MtM-2(None) (ID: 2)
INFO 2016-11-12 21:34:02,300 signals: Student added: Vitaliy Podoba (ID: 1)
INFO 2016-11-12 21:34:02,307 signals: Student added: Evgeniy Krasyuk (ID: 2)
INFO 2016-11-12 21:34:02,314 signals: Student added: John Dawson (ID: 3)
INFO 2016-11-12 21:34:02,321 signals: Student added: Mark Lutz (ID: 4)
INFO 2016-11-12 21:40:06,762 signals: Group added: MtM-1(None) (ID: 1)
INFO 2016-11-12 21:40:06,767 signals: Group added: MtM-2(None) (ID: 2)
INFO 2016-11-12 21:40:06,774 signals: Student added: Vitaliy Podoba (ID: 1)
INFO 2016-11-12 21:40:06,782 signals: Student added: Evgeniy Krasyuk (ID: 2)
INFO 2016-11-12 21:40:06,789 signals: Student added: John Dawson (ID: 3)
INFO 2016-11-12 21:40:06,796 signals: Student added: Mark Lutz (ID: 4)
INFO 2016-11-12 21:54:03,707 signals: Group added: MtM-1(None) (ID: 1)
INFO 2016-11-12 21:54:03,712 signals: Group added: MtM-2(None) (ID: 2)
INFO 2016-11-12 21:54:03,719 signals: Student added: Vitaliy Podoba (ID: 1)
INFO 2016-11-12 21:54:03,727 signals: Student added: Evgeniy Krasyuk (ID: 2)
INFO 2016-11-12 21:54:03,733 signals: Student added: John Dawson (ID: 3)
INFO 2016-11-12 21:54:03,740 signals: Student added: Mark Lutz (ID: 4)
INFO 2016-11-13 14:09:00,697 signals: Group added: MtM-1(None) (ID: 1)
INFO 2016-11-13 14:09:00,712 signals: Group added: MtM-2(None) (ID: 2)
INFO 2016-11-13 14:09:00,718 signals: Student added: Vitaliy Podoba (ID: 1)
INFO 2016-11-13 14:09:00,724 signals: Student added: Evgeniy Krasyuk (ID: 2)
INFO 2016-11-13 14:09:00,731 signals: Student added: John Dawson (ID: 3)
INFO 2016-11-13 14:09:00,738 signals: Student added: Mark Lutz (ID: 4)
INFO 2016-11-13 14:09:35,770 signals: Group added: MtM-1(None) (ID: 1)
INFO 2016-11-13 14:09:35,774 signals: Group added: MtM-2(None) (ID: 2)
INFO 2016-11-13 14:09:35,781 signals: Student added: Vitaliy Podoba (ID: 1)
INFO 2016-11-13 14:09:35,790 signals: Student added: Evgeniy Krasyuk (ID: 2)
INFO 2016-11-13 14:09:35,796 signals: Student added: John Dawson (ID: 3)
INFO 2016-11-13 14:09:35,804 signals: Student added: Mark Lutz (ID: 4)
INFO 2016-11-13 20:04:54,177 signals: Group added: MtM-1(None) (ID: 1)
INFO 2016-11-13 20:04:54,196 signals: Group added: MtM-2(None) (ID: 2)
INFO 2016-11-13 20:04:54,204 signals: Student added: Vitaliy Podoba (ID: 1)
INFO 2016-11-13 20:04:54,212 signals: Student added: Evgeniy Krasyuk (ID: 2)
INFO 2016-11-13 20:04:54,219 signals: Student added: John Dawson (ID: 3)
INFO 2016-11-13 20:04:54,226 signals: Student added: Mark Lutz (ID: 4)
INFO 2016-11-13 20:05:47,528 signals: Group added: MtM-1(None) (ID: 1)
INFO 2016-11-13 20:05:47,533 signals: Group added: MtM-2(None) (ID: 2)
INFO 2016-11-13 20:05:47,540 signals: Student added: Vitaliy Podoba (ID: 1)
INFO 2016-11-13 20:05:47,547 signals: Student added: Evgeniy Krasyuk (ID: 2)
INFO 2016-11-13 20:05:47,554 signals: Student added: John Dawson (ID: 3)
INFO 2016-11-13 20:05:47,561 signals: Student added: Mark Lutz (ID: 4)
INFO 2016-11-13 20:07:46,136 signals: Group added: MtM-1(None) (ID: 1)
INFO 2016-11-13 20:07:46,141 signals: Group added: MtM-2(None) (ID: 2)
INFO 2016-11-13 20:07:46,148 signals: Student added: Vitaliy Podoba (ID: 1)
INFO 2016-11-13 20:07:46,155 signals: Student added: Evgeniy Krasyuk (ID: 2)
INFO 2016-11-13 20:07:46,162 signals: Student added: John Dawson (ID: 3)
INFO 2016-11-13 20:07:46,170 signals: Student added: Mark Lutz (ID: 4)
INFO 2016-11-13 20:14:08,717 signals: Group added: MtM-1(None) (ID: 1)
INFO 2016-11-13 20:14:08,722 signals: Group added: MtM-2(None) (ID: 2)
INFO 2016-11-13 20:14:08,728 signals: Student added: Vitaliy Podoba (ID: 1)
INFO 2016-11-13 20:14:08,735 signals: Student added: Evgeniy Krasyuk (ID: 2)
INFO 2016-11-13 20:14:08,742 signals: Student added: John Dawson (ID: 3)
INFO 2016-11-13 20:14:08,749 signals: Student added: Mark Lutz (ID: 4)
INFO 2016-11-14 16:59:24,136 signals: Group added: MtM-1(None) (ID: 1)
INFO 2016-11-14 16:59:24,151 signals: Group added: MtM-2(None) (ID: 2)
INFO 2016-11-14 16:59:24,159 signals: Student added: Vitaliy Podoba (ID: 1)
INFO 2016-11-14 16:59:24,168 signals: Student added: Evgeniy Krasyuk (ID: 2)
INFO 2016-11-14 16:59:24,178 signals: Student added: John Dawson (ID: 3)
INFO 2016-11-14 16:59:24,185 signals: Student added: Mark Lutz (ID: 4)
INFO 2016-11-14 17:00:15,315 signals: Group added: MtM-1(None) (ID: 1)
INFO 2016-11-14 17:00:15,319 signals: Group added: MtM-2(None) (ID: 2)
INFO 2016-11-14 17:00:15,326 signals: Student added: Vitaliy Podoba (ID: 1)
INFO 2016-11-14 17:00:15,333 signals: Student added: Evgeniy Krasyuk (ID: 2)
INFO 2016-11-14 17:00:15,340 signals: Student added: John Dawson (ID: 3)
INFO 2016-11-14 17:00:15,348 signals: Student added: Mark Lutz (ID: 4)
INFO 2016-11-14 17:01:21,498 signals: Group added: MtM-1(None) (ID: 1)
INFO 2016-11-14 17:01:21,502 signals: Group added: MtM-2(None) (ID: 2)
INFO 2016-11-14 17:01:21,509 signals: Student added: Vitaliy Podoba (ID: 1)
INFO 2016-11-14 17:01:21,516 signals: Student added: Evgeniy Krasyuk (ID: 2)
INFO 2016-11-14 17:01:21,523 signals: Student added: John Dawson (ID: 3)
INFO 2016-11-14 17:01:21,530 signals: Student added: Mark Lutz (ID: 4)
INFO 2016-11-14 17:04:16,621 signals: Group added: MtM-1(None) (ID: 1)
INFO 2016-11-14 17:04:16,626 signals: Group added: MtM-2(None) (ID: 2)
INFO 2016-11-14 17:04:16,632 signals: Student added: Vitaliy Podoba (ID: 1)
INFO 2016-11-14 17:04:16,640 signals: Student added: Evgeniy Krasyuk (ID: 2)
INFO 2016-11-14 17:04:16,646 signals: Student added: John Dawson (ID: 3)
INFO 2016-11-14 17:04:16,653 signals: Student added: Mark Lutz (ID: 4)
INFO 2016-11-14 17:05:06,137 signals: Group added: MtM-1(None) (ID: 1)
INFO 2016-11-14 17:05:06,142 signals: Group added: MtM-2(None) (ID: 2)
INFO 2016-11-14 17:05:06,150 signals: Student added: Vitaliy Podoba (ID: 1)
INFO 2016-11-14 17:05:06,158 signals: Student added: Evgeniy Krasyuk (ID: 2)
INFO 2016-11-14 17:05:06,165 signals: Student added: John Dawson (ID: 3)
INFO 2016-11-14 17:05:06,174 signals: Student added: Mark Lutz (ID: 4)
INFO 2016-11-14 17:05:44,713 signals: Group added: MtM-1(None) (ID: 1)
INFO 2016-11-14 17:05:44,717 signals: Group added: MtM-2(None) (ID: 2)
INFO 2016-11-14 17:05:44,724 signals: Student added: Vitaliy Podoba (ID: 1)
INFO 2016-11-14 17:05:44,731 signals: Student added: Evgeniy Krasyuk (ID: 2)
INFO 2016-11-14 17:05:44,738 signals: Student added: John Dawson (ID: 3)
INFO 2016-11-14 17:05:44,745 signals: Student added: Mark Lutz (ID: 4)
INFO 2016-11-14 17:10:00,275 signals: Group added: MtM-1(None) (ID: 1)
INFO 2016-11-14 17:10:00,279 signals: Group added: MtM-2(None) (ID: 2)
INFO 2016-11-14 17:10:00,286 signals: Student added: Vitaliy Podoba (ID: 1)
INFO 2016-11-14 17:10:00,293 signals: Student added: Evgeniy Krasyuk (ID: 2)
INFO 2016-11-14 17:10:00,300 signals: Student added: John Dawson (ID: 3)
INFO 2016-11-14 17:10:00,308 signals: Student added: Mark Lutz (ID: 4)
INFO 2016-11-14 17:14:56,281 signals: Group added: MtM-1(None) (ID: 1)
INFO 2016-11-14 17:14:56,286 signals: Group added: MtM-2(None) (ID: 2)
INFO 2016-11-14 17:14:56,293 signals: Student added: Vitaliy Podoba (ID: 1)
INFO 2016-11-14 17:14:56,300 signals: Student added: Evgeniy Krasyuk (ID: 2)
INFO 2016-11-14 17:14:56,307 signals: Student added: John Dawson (ID: 3)
INFO 2016-11-14 17:14:56,315 signals: Student added: Mark Lutz (ID: 4)
INFO 2016-11-14 17:21:44,990 signals: Group added: MtM-1(None) (ID: 1)
INFO 2016-11-14 17:21:44,998 signals: Group added: MtM-2(None) (ID: 2)
INFO 2016-11-14 17:21:45,007 signals: Student added: Vitaliy Podoba (ID: 1)
INFO 2016-11-14 17:21:45,014 signals: Student added: Evgeniy Krasyuk (ID: 2)
INFO 2016-11-14 17:21:45,022 signals: Student added: John Dawson (ID: 3)
INFO 2016-11-14 17:21:45,030 signals: Student added: Mark Lutz (ID: 4)
INFO 2016-11-14 17:21:45,361 signals: Group added: MtM-1(None) (ID: 3)
INFO 2016-11-14 17:21:45,369 signals: Group added: MtM-2(None) (ID: 4)
INFO 2016-11-14 17:21:45,377 signals: Student added: Vitaliy Podoba (ID: 5)
INFO 2016-11-14 17:21:45,386 signals: Student added: Evgeniy Krasyuk (ID: 6)
INFO 2016-11-14 17:21:45,395 signals: Student added: John Dawson (ID: 7)
INFO 2016-11-14 17:21:45,405 signals: Student added: Mark Lutz (ID: 8)
INFO 2016-11-14 17:26:33,178 signals: Group added: MtM-1(None) (ID: 1)
INFO 2016-11-14 17:26:33,183 signals: Group added: MtM-2(None) (ID: 2)
INFO 2016-11-14 17:26:33,191 signals: Student added: Vitaliy Podoba (ID: 1)
INFO 2016-11-14 17:26:33,199 signals: Student added: Evgeniy Krasyuk (ID: 2)
INFO 2016-11-14 17:26:33,206 signals: Student added: John Dawson (ID: 3)
INFO 2016-11-14 17:26:33,213 signals: Student added: Mark Lutz (ID: 4)
INFO 2016-11-14 17:26:33,516 signals: Group added: MtM-1(None) (ID: 3)
INFO 2016-11-14 17:26:33,520 signals: Group added: MtM-2(None) (ID: 4)
INFO 2016-11-14 17:26:33,526 signals: Student added: Vitaliy Podoba (ID: 5)
INFO 2016-11-14 17:26:33,532 signals: Student added: Evgeniy Krasyuk (ID: 6)
INFO 2016-11-14 17:26:33,538 signals: Student added: John Dawson (ID: 7)
INFO 2016-11-14 17:26:33,545 signals: Student added: Mark Lutz (ID: 8)
INFO 2016-11-14 17:26:33,665 signals: Group added: MtM-1(None) (ID: 5)
INFO 2016-11-14 17:26:33,670 signals: Group added: MtM-2(None) (ID: 6)
INFO 2016-11-14 17:26:33,677 signals: Student added: Vitaliy Podoba (ID: 9)
INFO 2016-11-14 17:26:33,683 signals: Student added: Evgeniy Krasyuk (ID: 10)
INFO 2016-11-14 17:26:33,690 signals: Student added: John Dawson (ID: 11)
INFO 2016-11-14 17:26:33,697 signals: Student added: Mark Lutz (ID: 12)
INFO 2016-11-14 17:27:39,977 signals: Group added: MtM-1(None) (ID: 1)
INFO 2016-11-14 17:27:39,983 signals: Group added: MtM-2(None) (ID: 2)
INFO 2016-11-14 17:27:39,991 signals: Student added: Vitaliy Podoba (ID: 1)
INFO 2016-11-14 17:27:40,000 signals: Student added: Evgeniy Krasyuk (ID: 2)
INFO 2016-11-14 17:27:40,010 signals: Student added: John Dawson (ID: 3)
INFO 2016-11-14 17:27:40,018 signals: Student added: Mark Lutz (ID: 4)
INFO 2016-11-14 17:27:40,373 signals: Group added: MtM-1(None) (ID: 3)
INFO 2016-11-14 17:27:40,381 signals: Group added: MtM-2(None) (ID: 4)
INFO 2016-11-14 17:27:40,390 signals: Student added: Vitaliy Podoba (ID: 5)
INFO 2016-11-14 17:27:40,401 signals: Student added: Evgeniy Krasyuk (ID: 6)
INFO 2016-11-14 17:27:40,410 signals: Student added: John Dawson (ID: 7)
INFO 2016-11-14 17:27:40,423 signals: Student added: Mark Lutz (ID: 8)
INFO 2016-11-14 17:27:40,556 signals: Group added: MtM-1(None) (ID: 5)
INFO 2016-11-14 17:27:40,563 signals: Group added: MtM-2(None) (ID: 6)
INFO 2016-11-14 17:27:40,572 signals: Student added: Vitaliy Podoba (ID: 9)
INFO 2016-11-14 17:27:40,587 signals: Student added: Evgeniy Krasyuk (ID: 10)
INFO 2016-11-14 17:27:40,598 signals: Student added: John Dawson (ID: 11)
INFO 2016-11-14 17:27:40,610 signals: Student added: Mark Lutz (ID: 12)
INFO 2016-11-14 17:28:46,484 signals: Group added: MtM-1(None) (ID: 1)
INFO 2016-11-14 17:28:46,489 signals: Group added: MtM-2(None) (ID: 2)
INFO 2016-11-14 17:28:46,496 signals: Student added: Vitaliy Podoba (ID: 1)
INFO 2016-11-14 17:28:46,503 signals: Student added: Evgeniy Krasyuk (ID: 2)
INFO 2016-11-14 17:28:46,509 signals: Student added: John Dawson (ID: 3)
INFO 2016-11-14 17:28:46,517 signals: Student added: Mark Lutz (ID: 4)
INFO 2016-11-14 17:28:46,820 signals: Group added: MtM-1(None) (ID: 3)
INFO 2016-11-14 17:28:46,825 signals: Group added: MtM-2(None) (ID: 4)
INFO 2016-11-14 17:28:46,831 signals: Student added: Vitaliy Podoba (ID: 5)
INFO 2016-11-14 17:28:46,838 signals: Student added: Evgeniy Krasyuk (ID: 6)
INFO 2016-11-14 17:28:46,844 signals: Student added: John Dawson (ID: 7)
INFO 2016-11-14 17:28:46,851 signals: Student added: Mark Lutz (ID: 8)
INFO 2016-11-14 17:28:46,970 signals: Group added: MtM-1(None) (ID: 5)
INFO 2016-11-14 17:28:46,974 signals: Group added: MtM-2(None) (ID: 6)
INFO 2016-11-14 17:28:46,981 signals: Student added: Vitaliy Podoba (ID: 9)
INFO 2016-11-14 17:28:46,988 signals: Student added: Evgeniy Krasyuk (ID: 10)
INFO 2016-11-14 17:28:46,996 signals: Student added: John Dawson (ID: 11)
INFO 2016-11-14 17:28:47,003 signals: Student added: Mark Lutz (ID: 12)
INFO 2016-11-14 17:29:17,534 signals: Group added: MtM-1(None) (ID: 1)
INFO 2016-11-14 17:29:17,539 signals: Group added: MtM-2(None) (ID: 2)
INFO 2016-11-14 17:29:17,546 signals: Student added: Vitaliy Podoba (ID: 1)
INFO 2016-11-14 17:29:17,553 signals: Student added: Evgeniy Krasyuk (ID: 2)
INFO 2016-11-14 17:29:17,560 signals: Student added: John Dawson (ID: 3)
INFO 2016-11-14 17:29:17,567 signals: Student added: Mark Lutz (ID: 4)
INFO 2016-11-14 17:29:17,870 signals: Group added: MtM-1(None) (ID: 3)
INFO 2016-11-14 17:29:17,875 signals: Group added: MtM-2(None) (ID: 4)
INFO 2016-11-14 17:29:17,881 signals: Student added: Vitaliy Podoba (ID: 5)
INFO 2016-11-14 17:29:17,887 signals: Student added: Evgeniy Krasyuk (ID: 6)
INFO 2016-11-14 17:29:17,894 signals: Student added: John Dawson (ID: 7)
INFO 2016-11-14 17:29:17,900 signals: Student added: Mark Lutz (ID: 8)
INFO 2016-11-14 17:29:18,038 signals: Group added: MtM-1(None) (ID: 5)
INFO 2016-11-14 17:29:18,042 signals: Group added: MtM-2(None) (ID: 6)
INFO 2016-11-14 17:29:18,048 signals: Student added: Vitaliy Podoba (ID: 9)
INFO 2016-11-14 17:29:18,056 signals: Student added: Evgeniy Krasyuk (ID: 10)
INFO 2016-11-14 17:29:18,063 signals: Student added: John Dawson (ID: 11)
INFO 2016-11-14 17:29:18,069 signals: Student added: Mark Lutz (ID: 12)
INFO 2016-11-14 17:29:46,850 signals: Group added: MtM-1(None) (ID: 1)
INFO 2016-11-14 17:29:46,855 signals: Group added: MtM-2(None) (ID: 2)
INFO 2016-11-14 17:29:46,862 signals: Student added: Vitaliy Podoba (ID: 1)
INFO 2016-11-14 17:29:46,869 signals: Student added: Evgeniy Krasyuk (ID: 2)
INFO 2016-11-14 17:29:46,876 signals: Student added: John Dawson (ID: 3)
INFO 2016-11-14 17:29:46,883 signals: Student added: Mark Lutz (ID: 4)
INFO 2016-11-14 17:29:47,185 signals: Group added: MtM-1(None) (ID: 3)
INFO 2016-11-14 17:29:47,189 signals: Group added: MtM-2(None) (ID: 4)
INFO 2016-11-14 17:29:47,195 signals: Student added: Vitaliy Podoba (ID: 5)
INFO 2016-11-14 17:29:47,201 signals: Student added: Evgeniy Krasyuk (ID: 6)
INFO 2016-11-14 17:29:47,208 signals: Student added: John Dawson (ID: 7)
INFO 2016-11-14 17:29:47,216 signals: Student added: Mark Lutz (ID: 8)
INFO 2016-11-14 17:29:47,335 signals: Group added: MtM-1(None) (ID: 5)
INFO 2016-11-14 17:29:47,339 signals: Group added: MtM-2(None) (ID: 6)
INFO 2016-11-14 17:29:47,346 signals: Student added: Vitaliy Podoba (ID: 9)
INFO 2016-11-14 17:29:47,352 signals: Student added: Evgeniy Krasyuk (ID: 10)
INFO 2016-11-14 17:29:47,360 signals: Student added: John Dawson (ID: 11)
INFO 2016-11-14 17:29:47,368 signals: Student added: Mark Lutz (ID: 12)
INFO 2016-11-14 18:07:25,410 signals: Student added: Vitaliy Podoba (ID: 1)
INFO 2016-11-14 18:07:25,414 signals: Student added: Student1 Last Name 1 (ID: 2)
INFO 2016-11-14 18:07:25,418 signals: Student added: Student2 Last Name 2 (ID: 3)
INFO 2016-11-14 18:07:25,423 signals: Student added: Student3 Last Name 3 (ID: 4)
INFO 2016-11-14 18:07:25,431 signals: Group added: Group1(Vitaliy Podoba) (ID: 1)
INFO 2016-11-14 18:07:25,435 signals: Group added: Group2(None) (ID: 2)
INFO 2016-11-14 18:10:29,302 signals: Student added: Vitaliy Podoba (ID: 1)
INFO 2016-11-14 18:10:29,306 signals: Student added: Student1 Last Name 1 (ID: 2)
INFO 2016-11-14 18:10:29,311 signals: Student added: Student2 Last Name 2 (ID: 3)
INFO 2016-11-14 18:10:29,316 signals: Student added: Student3 Last Name 3 (ID: 4)
INFO 2016-11-14 18:10:29,324 signals: Group added: Group1(Vitaliy Podoba) (ID: 1)
INFO 2016-11-14 18:10:29,327 signals: Group added: Group2(None) (ID: 2)
INFO 2016-11-14 18:37:02,351 signals: Student added: Vitaliy Podoba (ID: 1)
INFO 2016-11-14 18:37:02,356 signals: Student added: Student1 Last Name 1 (ID: 2)
INFO 2016-11-14 18:37:02,361 signals: Student added: Student2 Last Name 2 (ID: 3)
INFO 2016-11-14 18:37:02,366 signals: Student added: Student3 Last Name 3 (ID: 4)
INFO 2016-11-14 18:37:02,373 signals: Group added: Group1(Vitaliy Podoba) (ID: 1)
INFO 2016-11-14 18:37:02,376 signals: Group added: Group2(None) (ID: 2)
INFO 2016-11-14 18:37:02,888 signals: Student added: Vitaliy Podoba (ID: 1)
INFO 2016-11-14 18:37:02,892 signals: Student added: Student1 Last Name 1 (ID: 2)
INFO 2016-11-14 18:37:02,896 signals: Student added: Student2 Last Name 2 (ID: 3)
INFO 2016-11-14 18:37:02,901 signals: Student added: Student3 Last Name 3 (ID: 4)
INFO 2016-11-14 18:37:02,907 signals: Group added: Group1(Vitaliy Podoba) (ID: 1)
INFO 2016-11-14 18:37:02,911 signals: Group added: Group2(None) (ID: 2)
INFO 2016-11-14 18:40:33,489 signals: Student added: Vitaliy Podoba (ID: 1)
INFO 2016-11-14 18:40:33,493 signals: Student added: Student1 Last Name 1 (ID: 2)
INFO 2016-11-14 18:40:33,499 signals: Student added: Student2 Last Name 2 (ID: 3)
INFO 2016-11-14 18:40:33,504 signals: Student added: Student3 Last Name 3 (ID: 4)
INFO 2016-11-14 18:40:33,512 signals: Group added: Group1(Vitaliy Podoba) (ID: 1)
INFO 2016-11-14 18:40:33,515 signals: Group added: Group2(None) (ID: 2)
INFO 2016-11-14 18:40:34,042 signals: Student added: Vitaliy Podoba (ID: 1)
INFO 2016-11-14 18:40:34,046 signals: Student added: Student1 Last Name 1 (ID: 2)
INFO 2016-11-14 18:40:34,050 signals: Student added: Student2 Last Name 2 (ID: 3)
INFO 2016-11-14 18:40:34,054 signals: Student added: Student3 Last Name 3 (ID: 4)
INFO 2016-11-14 18:40:34,060 signals: Group added: Group1(Vitaliy Podoba) (ID: 1)
INFO 2016-11-14 18:40:34,065 signals: Group added: Group2(None) (ID: 2)
INFO 2016-11-14 18:47:58,204 signals: Student added: Vitaliy Podoba (ID: 1)
INFO 2016-11-14 18:47:58,209 signals: Student added: Student1 Last Name 1 (ID: 2)
INFO 2016-11-14 18:47:58,214 signals: Student added: Student2 Last Name 2 (ID: 3)
INFO 2016-11-14 18:47:58,218 signals: Student added: Student3 Last Name 3 (ID: 4)
INFO 2016-11-14 18:47:58,226 signals: Group added: Group1(Vitaliy Podoba) (ID: 1)
INFO 2016-11-14 18:47:58,230 signals: Group added: Group2(None) (ID: 2)
INFO 2016-11-14 18:47:58,749 signals: Student added: Vitaliy Podoba (ID: 1)
INFO 2016-11-14 18:47:58,753 signals: Student added: Student1 Last Name 1 (ID: 2)
INFO 2016-11-14 18:47:58,757 signals: Student added: Student2 Last Name 2 (ID: 3)
INFO 2016-11-14 18:47:58,761 signals: Student added: Student3 Last Name 3 (ID: 4)
INFO 2016-11-14 18:47:58,767 signals: Group added: Group1(Vitaliy Podoba) (ID: 1)
INFO 2016-11-14 18:47:58,772 signals: Group added: Group2(None) (ID: 2)
INFO 2016-11-14 18:47:58,901 signals: Student updated: Updated Name Updated Last Name (ID: 1)
INFO 2016-11-14 19:01:26,068 signals: Student updated: Максим Ільчук (ID: 22)
INFO 2016-11-14 19:04:46,944 signals: Student added: Vitaliy Podoba (ID: 1)
INFO 2016-11-14 19:04:46,948 signals: Student added: Student1 Last Name 1 (ID: 2)
INFO 2016-11-14 19:04:46,954 signals: Student added: Student2 Last Name 2 (ID: 3)
INFO 2016-11-14 19:04:46,958 signals: Student added: Student3 Last Name 3 (ID: 4)
INFO 2016-11-14 19:04:46,964 signals: Group added: Group1(Vitaliy Podoba) (ID: 1)
INFO 2016-11-14 19:04:46,967 signals: Group added: Group2(None) (ID: 2)
INFO 2016-11-14 19:04:47,479 signals: Student added: Vitaliy Podoba (ID: 1)
INFO 2016-11-14 19:04:47,483 signals: Student added: Student1 Last Name 1 (ID: 2)
INFO 2016-11-14 19:04:47,487 signals: Student added: Student2 Last Name 2 (ID: 3)
INFO 2016-11-14 19:04:47,491 signals: Student added: Student3 Last Name 3 (ID: 4)
INFO 2016-11-14 19:04:47,497 signals: Group added: Group1(Vitaliy Podoba) (ID: 1)
INFO 2016-11-14 19:04:47,501 signals: Group added: Group2(None) (ID: 2)
INFO 2016-11-14 19:04:47,633 signals: Student updated: Updated Name Updated Last Name (ID: 1)
INFO 2016-11-14 19:05:27,731 signals: Student added: Vitaliy Podoba (ID: 1)
INFO 2016-11-14 19:05:27,736 signals: Student added: Student1 Last Name 1 (ID: 2)
INFO 2016-11-14 19:05:27,741 signals: Student added: Student2 Last Name 2 (ID: 3)
INFO 2016-11-14 19:05:27,746 signals: Student added: Student3 Last Name 3 (ID: 4)
INFO 2016-11-14 19:05:27,753 signals: Group added: Group1(Vitaliy Podoba) (ID: 1)
INFO 2016-11-14 19:05:27,757 signals: Group added: Group2(None) (ID: 2)
INFO 2016-11-14 19:05:28,276 signals: Student added: Vitaliy Podoba (ID: 1)
INFO 2016-11-14 19:05:28,280 signals: Student added: Student1 Last Name 1 (ID: 2)
INFO 2016-11-14 19:05:28,285 signals: Student added: Student2 Last Name 2 (ID: 3)
INFO 2016-11-14 19:05:28,290 signals: Student added: Student3 Last Name 3 (ID: 4)
INFO 2016-11-14 19:05:28,297 signals: Group added: Group1(Vitaliy Podoba) (ID: 1)
INFO 2016-11-14 19:05:28,300 signals: Group added: Group2(None) (ID: 2)
INFO 2016-11-14 19:05:28,431 signals: Student updated: Updated Name Updated Last Name (ID: 1)
INFO 2016-11-14 19:06:03,858 signals: Student added: Vitaliy Podoba (ID: 1)
INFO 2016-11-14 19:06:03,862 signals: Student added: Student1 Last Name 1 (ID: 2)
INFO 2016-11-14 19:06:03,867 signals: Student added: Student2 Last Name 2 (ID: 3)
INFO 2016-11-14 19:06:03,872 signals: Student added: Student3 Last Name 3 (ID: 4)
INFO 2016-11-14 19:06:03,879 signals: Group added: Group1(Vitaliy Podoba) (ID: 1)
INFO 2016-11-14 19:06:03,883 signals: Group added: Group2(None) (ID: 2)
INFO 2016-11-14 19:06:04,402 signals: Student added: Vitaliy Podoba (ID: 1)
INFO 2016-11-14 19:06:04,407 signals: Student added: Student1 Last Name 1 (ID: 2)
INFO 2016-11-14 19:06:04,411 signals: Student added: Student2 Last Name 2 (ID: 3)
INFO 2016-11-14 19:06:04,415 signals: Student added: Student3 Last Name 3 (ID: 4)
INFO 2016-11-14 19:06:04,421 signals: Group added: Group1(Vitaliy Podoba) (ID: 1)
INFO 2016-11-14 19:06:04,425 signals: Group added: Group2(None) (ID: 2)
INFO 2016-11-14 19:06:04,558 signals: Student updated: Updated Name Updated Last Name (ID: 1)
INFO 2016-11-14 19:11:02,739 signals: Student added: Vitaliy Podoba (ID: 1)
INFO 2016-11-14 19:11:02,744 signals: Student added: Student1 Last Name 1 (ID: 2)
INFO 2016-11-14 19:11:02,749 signals: Student added: Student2 Last Name 2 (ID: 3)
INFO 2016-11-14 19:11:02,754 signals: Student added: Student3 Last Name 3 (ID: 4)
INFO 2016-11-14 19:11:02,762 signals: Group added: Group1(Vitaliy Podoba) (ID: 1)
INFO 2016-11-14 19:11:02,766 signals: Group added: Group2(None) (ID: 2)
INFO 2016-11-14 19:11:02,966 signals: Student added: Vitaliy Podoba (ID: 1)
INFO 2016-11-14 19:11:02,971 signals: Student added: Student1 Last Name 1 (ID: 2)
INFO 2016-11-14 19:11:02,974 signals: Student added: Student2 Last Name 2 (ID: 3)
INFO 2016-11-14 19:11:02,978 signals: Student added: Student3 Last Name 3 (ID: 4)
INFO 2016-11-14 19:11:02,984 signals: Group added: Group1(Vitaliy Podoba) (ID: 1)
INFO 2016-11-14 19:11:02,988 signals: Group added: Group2(None) (ID: 2)
INFO 2016-11-14 19:11:03,367 signals: Student added: Vitaliy Podoba (ID: 1)
INFO 2016-11-14 19:11:03,371 signals: Student added: Student1 Last Name 1 (ID: 2)
INFO 2016-11-14 19:11:03,375 signals: Student added: Student2 Last Name 2 (ID: 3)
INFO 2016-11-14 19:11:03,379 signals: Student added: Student3 Last Name 3 (ID: 4)
INFO 2016-11-14 19:11:03,385 signals: Group added: Group1(Vitaliy Podoba) (ID: 1)
INFO 2016-11-14 19:11:03,389 signals: Group added: Group2(None) (ID: 2)
INFO 2016-11-14 19:11:03,523 signals: Student updated: Updated Name Updated Last Name (ID: 1)
INFO 2016-11-14 19:14:42,807 signals: Student added: Vitaliy Podoba (ID: 1)
INFO 2016-11-14 19:14:42,811 signals: Student added: Student1 Last Name 1 (ID: 2)
INFO 2016-11-14 19:14:42,816 signals: Student added: Student2 Last Name 2 (ID: 3)
INFO 2016-11-14 19:14:42,820 signals: Student added: Student3 Last Name 3 (ID: 4)
INFO 2016-11-14 19:14:42,827 signals: Group added: Group1(Vitaliy Podoba) (ID: 1)
INFO 2016-11-14 19:14:42,830 signals: Group added: Group2(None) (ID: 2)
INFO 2016-11-14 19:14:43,027 signals: Student added: Vitaliy Podoba (ID: 1)
INFO 2016-11-14 19:14:43,030 signals: Student added: Student1 Last Name 1 (ID: 2)
INFO 2016-11-14 19:14:43,034 signals: Student added: Student2 Last Name 2 (ID: 3)
INFO 2016-11-14 19:14:43,037 signals: Student added: Student3 Last Name 3 (ID: 4)
INFO 2016-11-14 19:14:43,043 signals: Group added: Group1(Vitaliy Podoba) (ID: 1)
INFO 2016-11-14 19:14:43,046 signals: Group added: Group2(None) (ID: 2)
INFO 2016-11-14 19:14:43,410 signals: Student added: Vitaliy Podoba (ID: 1)
INFO 2016-11-14 19:14:43,414 signals: Student added: Student1 Last Name 1 (ID: 2)
INFO 2016-11-14 19:14:43,418 signals: Student added: Student2 Last Name 2 (ID: 3)
INFO 2016-11-14 19:14:43,422 signals: Student added: Student3 Last Name 3 (ID: 4)
INFO 2016-11-14 19:14:43,427 signals: Group added: Group1(Vitaliy Podoba) (ID: 1)
INFO 2016-11-14 19:14:43,430 signals: Group added: Group2(None) (ID: 2)
INFO 2016-11-14 19:14:43,555 signals: Student updated: Updated Name Updated Last Name (ID: 1)
INFO 2016-11-14 19:16:32,888 signals: Student added: Vitaliy Podoba (ID: 1)
INFO 2016-11-14 19:16:32,894 signals: Student added: Student1 Last Name 1 (ID: 2)
INFO 2016-11-14 19:16:32,900 signals: Student added: Student2 Last Name 2 (ID: 3)
INFO 2016-11-14 19:16:32,906 signals: Student added: Student3 Last Name 3 (ID: 4)
INFO 2016-11-14 19:16:32,914 signals: Group added: Group1(Vitaliy Podoba) (ID: 1)
INFO 2016-11-14 19:16:32,919 signals: Group added: Group2(None) (ID: 2)
INFO 2016-11-14 19:16:33,130 signals: Student added: Vitaliy Podoba (ID: 1)
INFO 2016-11-14 19:16:33,137 signals: Student added: Student1 Last Name 1 (ID: 2)
INFO 2016-11-14 19:16:33,142 signals: Student added: Student2 Last Name 2 (ID: 3)
INFO 2016-11-14 19:16:33,148 signals: Student added: Student3 Last Name 3 (ID: 4)
INFO 2016-11-14 19:16:33,156 signals: Group added: Group1(Vitaliy Podoba) (ID: 1)
INFO 2016-11-14 19:16:33,160 signals: Group added: Group2(None) (ID: 2)
INFO 2016-11-14 19:16:33,589 signals: Student added: Vitaliy Podoba (ID: 1)
INFO 2016-11-14 19:16:33,595 signals: Student added: Student1 Last Name 1 (ID: 2)
INFO 2016-11-14 19:16:33,600 signals: Student added: Student2 Last Name 2 (ID: 3)
INFO 2016-11-14 19:16:33,606 signals: Student added: Student3 Last Name 3 (ID: 4)
INFO 2016-11-14 19:16:33,616 signals: Group added: Group1(Vitaliy Podoba) (ID: 1)
INFO 2016-11-14 19:16:33,625 signals: Group added: Group2(None) (ID: 2)
INFO 2016-11-14 19:16:33,796 signals: Student updated: Updated Name Updated Last Name (ID: 1)
INFO 2016-11-15 09:02:32,789 signals: Student added: Vitaliy Podoba (ID: 1)
INFO 2016-11-15 09:02:32,807 signals: Student added: Student1 Last Name 1 (ID: 2)
INFO 2016-11-15 09:02:32,812 signals: Student added: Student2 Last Name 2 (ID: 3)
INFO 2016-11-15 09:02:32,815 signals: Student added: Student3 Last Name 3 (ID: 4)
INFO 2016-11-15 09:02:32,823 signals: Group added: Group1(Vitaliy Podoba) (ID: 1)
INFO 2016-11-15 09:02:32,827 signals: Group added: Group2(None) (ID: 2)
INFO 2016-11-15 09:04:23,226 signals: Student added: Vitaliy Podoba (ID: 1)
INFO 2016-11-15 09:04:23,231 signals: Student added: Student1 Last Name 1 (ID: 2)
INFO 2016-11-15 09:04:23,237 signals: Student added: Student2 Last Name 2 (ID: 3)
INFO 2016-11-15 09:04:23,244 signals: Student added: Student3 Last Name 3 (ID: 4)
INFO 2016-11-15 09:04:23,253 signals: Group added: Group1(Vitaliy Podoba) (ID: 1)
INFO 2016-11-15 09:04:23,258 signals: Group added: Group2(None) (ID: 2)
INFO 2016-11-15 09:09:47,004 signals: Student added: Vitaliy Podoba (ID: 1)
INFO 2016-11-15 09:09:47,008 signals: Student added: Student1 Last Name 1 (ID: 2)
INFO 2016-11-15 09:09:47,014 signals: Student added: Student2 Last Name 2 (ID: 3)
INFO 2016-11-15 09:09:47,019 signals: Student added: Student3 Last Name 3 (ID: 4)
INFO 2016-11-15 09:09:47,028 signals: Group added: Group1(Vitaliy Podoba) (ID: 1)
INFO 2016-11-15 09:09:47,033 signals: Group added: Group2(None) (ID: 2)
INFO 2016-11-15 09:16:13,228 signals: Student added: Vitaliy Podoba (ID: 1)
INFO 2016-11-15 09:16:13,232 signals: Student added: Student1 Last Name 1 (ID: 2)
INFO 2016-11-15 09:16:13,236 signals: Student added: Student2 Last Name 2 (ID: 3)
INFO 2016-11-15 09:16:13,241 signals: Student added: Student3 Last Name 3 (ID: 4)
INFO 2016-11-15 09:16:13,249 signals: Group added: Group1(Vitaliy Podoba) (ID: 1)
INFO 2016-11-15 09:16:13,253 signals: Group added: Group2(None) (ID: 2)
INFO 2016-11-15 10:59:33,835 signals: Student added: Vitaliy Podoba (ID: 1)
INFO 2016-11-15 10:59:33,839 signals: Student added: Student1 Last Name 1 (ID: 2)
INFO 2016-11-15 10:59:33,843 signals: Student added: Student2 Last Name 2 (ID: 3)
INFO 2016-11-15 10:59:33,847 signals: Student added: Student3 Last Name 3 (ID: 4)
INFO 2016-11-15 10:59:33,855 signals: Group added: Group1(Vitaliy Podoba) (ID: 1)
INFO 2016-11-15 10:59:33,859 signals: Group added: Group2(None) (ID: 2)
INFO 2016-11-15 11:35:47,547 signals: Student added: Demo Student (ID: 1)
INFO 2016-11-15 11:35:47,552 signals: Student updated: Demo Student (ID: 1)
INFO 2016-11-15 11:43:36,445 signals: Student added: Vitaliy Podoba (ID: 1)
INFO 2016-11-15 11:43:36,450 signals: Student added: Student1 Last Name 1 (ID: 2)
INFO 2016-11-15 11:43:36,454 signals: Student added: Student2 Last Name 2 (ID: 3)
INFO 2016-11-15 11:43:36,461 signals: Student added: Student3 Last Name 3 (ID: 4)
INFO 2016-11-15 11:43:36,471 signals: Group added: Group1(Vitaliy Podoba) (ID: 1)
INFO 2016-11-15 11:43:36,477 signals: Group added: Group2(None) (ID: 2)
INFO 2016-11-15 11:44:49,651 signals: Student added: Vitaliy Podoba (ID: 1)
INFO 2016-11-15 11:44:49,656 signals: Student added: Student1 Last Name 1 (ID: 2)
INFO 2016-11-15 11:44:49,660 signals: Student added: Student2 Last Name 2 (ID: 3)
INFO 2016-11-15 11:44:49,664 signals: Student added: Student3 Last Name 3 (ID: 4)
INFO 2016-11-15 11:44:49,672 signals: Group added: Group1(Vitaliy Podoba) (ID: 1)
INFO 2016-11-15 11:44:49,676 signals: Group added: Group2(None) (ID: 2)
INFO 2016-11-15 14:57:12,811 signals: Student added: Vitaliy Podoba (ID: 1)
INFO 2016-11-15 14:57:12,817 signals: Student added: Student1 Last Name 1 (ID: 2)
INFO 2016-11-15 14:57:12,822 signals: Student added: Student2 Last Name 2 (ID: 3)
INFO 2016-11-15 14:57:12,828 signals: Student added: Student3 Last Name 3 (ID: 4)
INFO 2016-11-15 14:57:12,838 signals: Group added: Group1(Vitaliy Podoba) (ID: 1)
INFO 2016-11-15 14:57:12,844 signals: Group added: Group2(None) (ID: 2)
INFO 2016-11-15 14:57:13,146 signals: Student added: Vitaliy Podoba (ID: 1)
INFO 2016-11-15 14:57:13,151 signals: Student added: Student1 Last Name 1 (ID: 2)
INFO 2016-11-15 14:57:13,158 signals: Student added: Student2 Last Name 2 (ID: 3)
INFO 2016-11-15 14:57:13,165 signals: Student added: Student3 Last Name 3 (ID: 4)
INFO 2016-11-15 14:57:13,174 signals: Group added: Group1(Vitaliy Podoba) (ID: 1)
INFO 2016-11-15 14:57:13,178 signals: Group added: Group2(None) (ID: 2)
INFO 2016-11-15 14:57:13,713 signals: Student added: Vitaliy Podoba (ID: 1)
INFO 2016-11-15 14:57:13,718 signals: Student added: Student1 Last Name 1 (ID: 2)
INFO 2016-11-15 14:57:13,724 signals: Student added: Student2 Last Name 2 (ID: 3)
INFO 2016-11-15 14:57:13,730 signals: Student added: Student3 Last Name 3 (ID: 4)
INFO 2016-11-15 14:57:13,739 signals: Group added: Group1(Vitaliy Podoba) (ID: 1)
INFO 2016-11-15 14:57:13,744 signals: Group added: Group2(None) (ID: 2)
INFO 2016-11-15 14:57:13,944 signals: Student updated: Updated Name Updated Last Name (ID: 1)
INFO 2016-11-15 14:57:14,257 signals: Student added: Vitaliy Podoba (ID: 1)
INFO 2016-11-15 14:57:14,263 signals: Student added: Student1 Last Name 1 (ID: 2)
INFO 2016-11-15 14:57:14,269 signals: Student added: Student2 Last Name 2 (ID: 3)
INFO 2016-11-15 14:57:14,276 signals: Student added: Student3 Last Name 3 (ID: 4)
INFO 2016-11-15 14:57:14,285 signals: Group added: Group1(Vitaliy Podoba) (ID: 1)
INFO 2016-11-15 14:57:14,291 signals: Group added: Group2(None) (ID: 2)
INFO 2016-11-15 14:57:14,442 signals: Group added: MtM-1(None) (ID: 3)
INFO 2016-11-15 14:57:14,448 signals: Group added: MtM-2(None) (ID: 4)
INFO 2016-11-15 14:57:14,457 signals: Student added: Vitaliy Podoba (ID: 5)
INFO 2016-11-15 14:57:14,466 signals: Student added: Evgeniy Krasyuk (ID: 6)
INFO 2016-11-15 14:57:14,475 signals: Student added: John Dawson (ID: 7)
INFO 2016-11-15 14:57:14,484 signals: Student added: Mark Lutz (ID: 8)
INFO 2016-11-15 14:57:14,654 signals: Group added: MtM-1(None) (ID: 5)
INFO 2016-11-15 14:57:14,659 signals: Group added: MtM-2(None) (ID: 6)
INFO 2016-11-15 14:57:14,668 signals: Student added: Vitaliy Podoba (ID: 9)
INFO 2016-11-15 14:57:14,677 signals: Student added: Evgeniy Krasyuk (ID: 10)
INFO 2016-11-15 14:57:14,686 signals: Student added: John Dawson (ID: 11)
INFO 2016-11-15 14:57:14,694 signals: Student added: Mark Lutz (ID: 12)
INFO 2016-11-15 14:57:14,846 signals: Group added: MtM-1(None) (ID: 7)
INFO 2016-11-15 14:57:14,852 signals: Group added: MtM-2(None) (ID: 8)
INFO 2016-11-15 14:57:14,860 signals: Student added: Vitaliy Podoba (ID: 13)
INFO 2016-11-15 14:57:14,868 signals: Student added: Evgeniy Krasyuk (ID: 14)
INFO 2016-11-15 14:57:14,877 signals: Student added: John Dawson (ID: 15)
INFO 2016-11-15 14:57:14,886 signals: Student added: Mark Lutz (ID: 16)
INFO 2016-11-15 14:57:15,035 signals: Student added: Demo Student (ID: 17)
INFO 2016-11-15 14:57:15,039 signals: Student updated: Demo Student (ID: 17)
INFO 2016-11-15 14:57:15,080 signals: Group added: Group1(None) (ID: 1)
INFO 2016-11-15 14:57:15,133 signals: Student added: Vitaliy Podoba (ID: 1)
INFO 2016-11-15 14:57:15,139 signals: Student added: Student1 Last Name 1 (ID: 2)
INFO 2016-11-15 14:57:15,145 signals: Student added: Student2 Last Name 2 (ID: 3)
INFO 2016-11-15 14:57:15,151 signals: Student added: Student3 Last Name 3 (ID: 4)
INFO 2016-11-15 14:57:15,160 signals: Group added: Group1(Vitaliy Podoba) (ID: 1)
INFO 2016-11-15 14:57:15,165 signals: Group added: Group2(None) (ID: 2)
INFO 2016-11-15 14:57:15,267 signals: Student added: Vitaliy Podoba (ID: 1)
INFO 2016-11-15 14:57:15,273 signals: Student added: Student1 Last Name 1 (ID: 2)
INFO 2016-11-15 14:57:15,278 signals: Student added: Student2 Last Name 2 (ID: 3)
INFO 2016-11-15 14:57:15,284 signals: Student added: Student3 Last Name 3 (ID: 4)
INFO 2016-11-15 14:57:15,293 signals: Group added: Group1(Vitaliy Podoba) (ID: 1)
INFO 2016-11-15 14:57:15,298 signals: Group added: Group2(None) (ID: 2)
INFO 2016-11-15 15:00:31,798 signals: Student added: Vitaliy Podoba (ID: 1)
INFO 2016-11-15 15:00:31,804 signals: Student added: Student1 Last Name 1 (ID: 2)
INFO 2016-11-15 15:00:31,810 signals: Student added: Student2 Last Name 2 (ID: 3)
INFO 2016-11-15 15:00:31,816 signals: Student added: Student3 Last Name 3 (ID: 4)
INFO 2016-11-15 15:00:31,827 signals: Group added: Group1(Vitaliy Podoba) (ID: 1)
INFO 2016-11-15 15:00:31,833 signals: Group added: Group2(None) (ID: 2)
INFO 2016-11-15 15:00:32,125 signals: Student added: Vitaliy Podoba (ID: 1)
INFO 2016-11-15 15:00:32,131 signals: Student added: Student1 Last Name 1 (ID: 2)
INFO 2016-11-15 15:00:32,137 signals: Student added: Student2 Last Name 2 (ID: 3)
INFO 2016-11-15 15:00:32,142 signals: Student added: Student3 Last Name 3 (ID: 4)
INFO 2016-11-15 15:00:32,151 signals: Group added: Group1(Vitaliy Podoba) (ID: 1)
INFO 2016-11-15 15:00:32,156 signals: Group added: Group2(None) (ID: 2)
INFO 2016-11-15 15:00:32,702 signals: Student added: Vitaliy Podoba (ID: 1)
INFO 2016-11-15 15:00:32,707 signals: Student added: Student1 Last Name 1 (ID: 2)
INFO 2016-11-15 15:00:32,712 signals: Student added: Student2 Last Name 2 (ID: 3)
INFO 2016-11-15 15:00:32,719 signals: Student added: Student3 Last Name 3 (ID: 4)
INFO 2016-11-15 15:00:32,727 signals: Group added: Group1(Vitaliy Podoba) (ID: 1)
INFO 2016-11-15 15:00:32,733 signals: Group added: Group2(None) (ID: 2)
INFO 2016-11-15 15:00:32,907 signals: Student updated: Updated Name Updated Last Name (ID: 1)
INFO 2016-11-15 15:00:33,119 signals: Student added: Vitaliy Podoba (ID: 1)
INFO 2016-11-15 15:00:33,124 signals: Student added: Student1 Last Name 1 (ID: 2)
INFO 2016-11-15 15:00:33,130 signals: Student added: Student2 Last Name 2 (ID: 3)
INFO 2016-11-15 15:00:33,136 signals: Student added: Student3 Last Name 3 (ID: 4)
INFO 2016-11-15 15:00:33,144 signals: Group added: Group1(Vitaliy Podoba) (ID: 1)
INFO 2016-11-15 15:00:33,149 signals: Group added: Group2(None) (ID: 2)
INFO 2016-11-15 15:00:33,219 signals: Group added: MtM-1(None) (ID: 3)
INFO 2016-11-15 15:00:33,226 signals: Group added: MtM-2(None) (ID: 4)
INFO 2016-11-15 15:00:33,235 signals: Student added: Vitaliy Podoba (ID: 5)
INFO 2016-11-15 15:00:33,244 signals: Student added: Evgeniy Krasyuk (ID: 6)
INFO 2016-11-15 15:00:33,252 signals: Student added: John Dawson (ID: 7)
INFO 2016-11-15 15:00:33,262 signals: Student added: Mark Lutz (ID: 8)
INFO 2016-11-15 15:00:33,431 signals: Group added: MtM-1(None) (ID: 5)
INFO 2016-11-15 15:00:33,437 signals: Group added: MtM-2(None) (ID: 6)
INFO 2016-11-15 15:00:33,445 signals: Student added: Vitaliy Podoba (ID: 9)
INFO 2016-11-15 15:00:33,454 signals: Student added: Evgeniy Krasyuk (ID: 10)
INFO 2016-11-15 15:00:33,463 signals: Student added: John Dawson (ID: 11)
INFO 2016-11-15 15:00:33,471 signals: Student added: Mark Lutz (ID: 12)
INFO 2016-11-15 15:00:33,632 signals: Group added: MtM-1(None) (ID: 7)
INFO 2016-11-15 15:00:33,638 signals: Group added: MtM-2(None) (ID: 8)
INFO 2016-11-15 15:00:33,646 signals: Student added: Vitaliy Podoba (ID: 13)
INFO 2016-11-15 15:00:33,656 signals: Student added: Evgeniy Krasyuk (ID: 14)
INFO 2016-11-15 15:00:33,665 signals: Student added: John Dawson (ID: 15)
INFO 2016-11-15 15:00:33,673 signals: Student added: Mark Lutz (ID: 16)
INFO 2016-11-15 15:00:33,831 signals: Student added: Demo Student (ID: 17)
INFO 2016-11-15 15:00:33,835 signals: Student updated: Demo Student (ID: 17)
INFO 2016-11-15 15:00:33,876 signals: Group added: Group1(None) (ID: 1)
INFO 2016-11-15 15:00:33,929 signals: Student added: Vitaliy Podoba (ID: 1)
INFO 2016-11-15 15:00:33,935 signals: Student added: Student1 Last Name 1 (ID: 2)
INFO 2016-11-15 15:00:33,941 signals: Student added: Student2 Last Name 2 (ID: 3)
INFO 2016-11-15 15:00:33,949 signals: Student added: Student3 Last Name 3 (ID: 4)
INFO 2016-11-15 15:00:33,957 signals: Group added: Group1(Vitaliy Podoba) (ID: 1)
INFO 2016-11-15 15:00:33,962 signals: Group added: Group2(None) (ID: 2)
INFO 2016-11-15 15:00:34,071 signals: Student added: Vitaliy Podoba (ID: 1)
INFO 2016-11-15 15:00:34,077 signals: Student added: Student1 Last Name 1 (ID: 2)
INFO 2016-11-15 15:00:34,082 signals: Student added: Student2 Last Name 2 (ID: 3)
INFO 2016-11-15 15:00:34,088 signals: Student added: Student3 Last Name 3 (ID: 4)
INFO 2016-11-15 15:00:34,097 signals: Group added: Group1(Vitaliy Podoba) (ID: 1)
INFO 2016-11-15 15:00:34,102 signals: Group added: Group2(None) (ID: 2)
INFO 2016-11-22 17:54:44,997 signals: Student updated: Евгеній Плющев (ID: 13)
INFO 2016-11-22 17:54:57,746 signals: Student updated: Максим Ільчук (ID: 22)
INFO 2016-11-22 17:57:02,438 signals: Student updated: Максим Ільчук (ID: 22)
INFO 2016-11-22 17:58:28,805 signals: Student updated: Максим Ільчук (ID: 22)
INFO 2016-11-22 18:02:10,450 signals: Student updated: Максим Ільчук (ID: 22)
INFO 2016-11-22 18:16:33,111 signals: Student updated: Максим Ільчук (ID: 22)
INFO 2016-11-22 19:15:42,388 signals: Student updated: Максим Ільчук (ID: 22)
INFO 2016-11-23 19:30:43,607 signals: Student updated: Михайло Дубовий (ID: 31)
INFO 2016-11-23 19:30:46,559 signals: Student updated: Максим Ільчук (ID: 22)
INFO 2016-11-23 19:30:49,296 signals: Student updated: Максим Ільчук (ID: 22)
INFO 2016-11-23 19:30:52,030 signals: Student updated: Клим В'яков (ID: 25)
INFO 2016-11-28 17:03:21,511 signals: Student added: Test Test (ID: 32)
INFO 2016-11-28 17:03:44,150 signals: Student updated: test1 Test (ID: 32)
INFO 2016-11-28 17:19:09,304 signals: Student updated: Клим В'яков (ID: 25)
INFO 2016-11-28 17:21:40,913 signals: Student updated: Ігор Тасков (ID: 7)
INFO 2016-11-28 17:24:47,543 signals: Exam updated: Algorithm(MTM-1 (Максим Рогожин)) (ID: 1)
INFO 2016-11-28 17:24:53,934 signals: Exam updated: Algorith(MTM-1 (Максим Рогожин)) (ID: 1)
INFO 2016-11-28 17:25:02,729 signals: Exam updated: Algorithms(MTM-1 (Максим Рогожин)) (ID: 1)
INFO 2016-11-28 17:25:37,436 signals: Student deleted: test1 Test (ID: 32)
INFO 2016-11-28 17:25:58,765 signals: Exam added: test(MTM-1 (Максим Рогожин)) (ID: 7)
INFO 2016-11-28 17:26:12,740 signals: Exam deleted: test(MTM-1 (Максим Рогожин)) (ID: 7)
INFO 2016-11-28 17:27:53,652 signals: Group added: test(Віталій Ленков) (ID: 6)
INFO 2016-11-28 17:28:26,580 signals: Group deleted: test(Віталій Ленков) (ID: 6)
INFO 2016-11-28 17:28:46,479 signals: Group updated: МТМ-5(Григорій Платун) (ID: 3)
INFO 2016-12-03 19:41:53,237 signals: Student updated: Максим Ільчук (ID: 22)
INFO 2016-12-03 19:42:01,395 signals: Student updated: Клим В'яков (ID: 25)
INFO 2016-12-16 16:24:38,654 signals: Group added: test(None) (ID: 6)
INFO 2016-12-16 16:26:44,021 signals: Group deleted: test(None) (ID: 6)
INFO 2016-12-16 16:27:57,372 signals: Student added: s s (ID: 32)
INFO 2016-12-16 16:28:21,300 signals: Student deleted: s s (ID: 32)
INFO 2017-01-22 21:45:07,922 signals: Student updated: Максимa Ільчук (ID: 22)
INFO 2017-01-23 12:49:12,461 signals: Group updated: MTM-7(Андрій Рогожин) (ID: 2)
INFO 2017-01-23 12:49:23,553 signals: Exam updated: Algorithm(MTM-1 (Максим Рогожин)) (ID: 1)
